test_lca.adb:33:28: error: "T_Adresse_IP" is not visible (more references follow)
test_lca.adb:33:28: error: non-visible declaration at lca_ip.ads:10
test_lca.adb:39:09: error: assignment to "in" mode parameter not allowed
test_lca.adb:40:09: error: assignment to "in" mode parameter not allowed
test_lca.adb:40:20: error: "UN_OCTET" is undefined (more references follow)
test_lca.adb:41:09: error: assignment to "in" mode parameter not allowed
test_lca.adb:42:09: error: assignment to "in" mode parameter not allowed
test_lca.adb:63:09: error: no candidate interpretations match the actuals:
test_lca.adb:63:09: error: missing argument for parameter "Item" in call to "Put" declared at a-tiinio.ads:97, instance at a-inteio.ads:18
test_lca.adb:63:09: error: missing argument for parameter "Item" in call to "Put" declared at a-tiinio.ads:68, instance at a-inteio.ads:18
test_lca.adb:63:09: error: missing argument for parameter "Item" in call to "Put" declared at a-textio.ads:457
test_lca.adb:63:09: error: missing argument for parameter "Item" in call to "Put" declared at a-textio.ads:384
test_lca.adb:63:13: error: expected type "Standard.Integer"
test_lca.adb:63:13: error: found private type "Ada.Strings.Unbounded.Unbounded_String"
test_lca.adb:63:13: error:   ==> in call to "Put" at a-tiinio.ads:80, instance at a-inteio.ads:18
test_lca.adb:63:13: error:   ==> in call to "Put" at a-textio.ads:463
test_lca.adb:63:13: error:   ==> in call to "Put" at a-textio.ads:390
test_lca.adb:69:17: error: "Pour_Chaque" is not visible (more references follow)
test_lca.adb:69:17: error: non-visible declaration at lca_ip.ads:62
test_lca.adb:89:56: error: "T_LCA" is undefined (more references follow)
test_lca.adb:91:09: error: "Initialiser" is not visible
test_lca.adb:91:09: error: non-visible declaration at lca_ip.ads:14
test_lca.adb:92:24: error: "Est_Vide" is not visible (more references follow)
test_lca.adb:92:24: error: non-visible declaration at lca_ip.ads:19
test_lca.adb:93:24: error: "Taille" is not visible (more references follow)
test_lca.adb:93:24: error: non-visible declaration at lca_ip.ads:23
test_lca.adb:96:13: error: "Enregistrer" is not visible (more references follow)
test_lca.adb:96:13: error: non-visible declaration at lca_ip.ads:30
test_lca.adb:100:17: error: missing argument for parameter "M" in call to "Afficher" declared at line 56
test_lca.adb:109:32: error: "La_Donnee" is undefined (more references follow)
test_lca.adb:113:36: error: "Cle_Presente" is undefined (more references follow)
test_lca.adb:124:09: error: "Vider" is not visible (more references follow)
test_lca.adb:124:09: error: non-visible declaration at lca_ip.ads:52
test_lca.adb:138:13: error: "Supprimer" is not visible (more references follow)
test_lca.adb:138:13: error: non-visible declaration at lca_ip.ads:42
test_lca.adb:141:13: error: missing argument for parameter "M" in call to "Afficher" declared at line 56
test_lca.adb:170:13: error: missing argument for parameter "M" in call to "Afficher" declared at line 56
test_lca.adb:197:13: error: missing argument for parameter "M" in call to "Afficher" declared at line 56
test_lca.adb:231:13: error: missing argument for parameter "M" in call to "Afficher" declared at line 56
test_lca.adb:265:18: error: "Cle_Absente_Exception" is undefined (more references follow)
test_lca.adb:317:09: error: missing argument for parameter "Donnee" in call to "Sommer" declared at line 300
test_lca.adb:349:09: error: "Sommer" is undefined (more references follow)
test_lca.adb:349:09: error: possible misspelling of "Somme"
